
> whatsapp-pwa@0.1.0 dev
> next dev --turbopack

 ⚠ Found lockfile missing swc dependencies, patching...
 ⚠ Port 3000 is in use by an unknown process, using available port 3001 instead.
 ⚠ Lockfile was successfully patched, please run "npm install" to ensure @next/swc dependencies are downloaded
   ▲ Next.js 15.5.6 (Turbopack)
   - Local:        http://localhost:3001
   - Network:      http://169.254.0.21:3001
   - Environments: .env.local, .env

 ✓ Starting...
 ✓ Ready in 1775ms
 ○ Compiling / ...
 ✓ Compiled / in 4.4s
 GET / 200 in 5051ms
 ⚠ Cross origin request detected from whatsapp-pwa-2.lindy.site to /_next/* resource. In a future major version of Next.js, you will need to explicitly configure "allowedDevOrigins" in next.config to allow this.
Read more: https://nextjs.org/docs/app/api-reference/config/next-config-js/allowedDevOrigins
 ○ Compiling /auth ...
 ✓ Compiled /auth in 703ms
 GET /auth 200 in 787ms
 ✓ Compiled /api/auth/register in 375ms
prisma:query SELECT "public"."User"."id", "public"."User"."phoneNumber", "public"."User"."displayName", "public"."User"."profileImage", "public"."User"."status", "public"."User"."isOnline", "public"."User"."lastSeen", "public"."User"."createdAt", "public"."User"."updatedAt" FROM "public"."User" WHERE ("public"."User"."phoneNumber" = $1 AND 1=1) LIMIT $2 OFFSET $3
prisma:query INSERT INTO "public"."User" ("id","phoneNumber","displayName","status","isOnline","createdAt","updatedAt") VALUES ($1,$2,$3,$4,$5,$6,$7) RETURNING "public"."User"."id", "public"."User"."phoneNumber", "public"."User"."displayName", "public"."User"."profileImage", "public"."User"."status", "public"."User"."isOnline", "public"."User"."lastSeen", "public"."User"."createdAt", "public"."User"."updatedAt"
 POST /api/auth/register 201 in 859ms
 ✓ Compiled /api/auth/login in 194ms
prisma:query SELECT "public"."User"."id", "public"."User"."phoneNumber", "public"."User"."displayName", "public"."User"."profileImage", "public"."User"."status", "public"."User"."isOnline", "public"."User"."lastSeen", "public"."User"."createdAt", "public"."User"."updatedAt" FROM "public"."User" WHERE ("public"."User"."phoneNumber" = $1 AND 1=1) LIMIT $2 OFFSET $3
prisma:query UPDATE "public"."User" SET "isOnline" = $1, "lastSeen" = $2, "updatedAt" = $3 WHERE ("public"."User"."id" = $4 AND 1=1) RETURNING "public"."User"."id", "public"."User"."phoneNumber", "public"."User"."displayName", "public"."User"."profileImage", "public"."User"."status", "public"."User"."isOnline", "public"."User"."lastSeen", "public"."User"."createdAt", "public"."User"."updatedAt"
 POST /api/auth/login 200 in 472ms
 ○ Compiling /chat ...
 ✓ Compiled /chat in 622ms
 GET /chat 200 in 710ms
 ○ Compiling /api/conversations ...
 ✓ Compiled /api/conversations in 677ms
prisma:query SELECT "public"."Conversation"."id", "public"."Conversation"."participant1Id", "public"."Conversation"."participant2Id", "public"."Conversation"."lastMessage", "public"."Conversation"."lastMessageAt", "public"."Conversation"."createdAt", "public"."Conversation"."updatedAt" FROM "public"."Conversation" WHERE ("public"."Conversation"."participant1Id" = $1 OR "public"."Conversation"."participant2Id" = $2) ORDER BY "public"."Conversation"."lastMessageAt" DESC OFFSET $3
 GET /api/conversations?userId=cml485xx10000ny8nu88b218h 200 in 1014ms
 GET /api/contacts?userId=cml485xx10000ny8nu88b218h 200 in 1012ms
prisma:query SELECT "public"."Contact"."id", "public"."Contact"."userId", "public"."Contact"."contactId", "public"."Contact"."nickname", "public"."Contact"."createdAt" FROM "public"."Contact" WHERE "public"."Contact"."userId" = $1 OFFSET $2
 GET /auth 200 in 103ms
 GET /auth 200 in 109ms
prisma:query SELECT 1
prisma:query SELECT "public"."User"."id", "public"."User"."phoneNumber", "public"."User"."displayName", "public"."User"."profileImage", "public"."User"."status", "public"."User"."isOnline", "public"."User"."lastSeen", "public"."User"."createdAt", "public"."User"."updatedAt" FROM "public"."User" WHERE ("public"."User"."phoneNumber" = $1 AND 1=1) LIMIT $2 OFFSET $3
prisma:query UPDATE "public"."User" SET "isOnline" = $1, "lastSeen" = $2, "updatedAt" = $3 WHERE ("public"."User"."id" = $4 AND 1=1) RETURNING "public"."User"."id", "public"."User"."phoneNumber", "public"."User"."displayName", "public"."User"."profileImage", "public"."User"."status", "public"."User"."isOnline", "public"."User"."lastSeen", "public"."User"."createdAt", "public"."User"."updatedAt"
 POST /api/auth/login 200 in 270ms
 GET /chat 200 in 89ms
prisma:query SELECT "public"."Conversation"."id", "public"."Conversation"."participant1Id", "public"."Conversation"."participant2Id", "public"."Conversation"."lastMessage", "public"."Conversation"."lastMessageAt", "public"."Conversation"."createdAt", "public"."Conversation"."updatedAt" FROM "public"."Conversation" WHERE ("public"."Conversation"."participant1Id" = $1 OR "public"."Conversation"."participant2Id" = $2) ORDER BY "public"."Conversation"."lastMessageAt" DESC OFFSET $3
 GET /api/conversations?userId=cml485xx10000ny8nu88b218h 200 in 328ms
prisma:query SELECT "public"."Contact"."id", "public"."Contact"."userId", "public"."Contact"."contactId", "public"."Contact"."nickname", "public"."Contact"."createdAt" FROM "public"."Contact" WHERE "public"."Contact"."userId" = $1 OFFSET $2
 GET /api/contacts?userId=cml485xx10000ny8nu88b218h 200 in 324ms
 GET / 200 in 254ms
 GET /chat 200 in 91ms
 GET /api/conversations?userId=cml485xx10000ny8nu88b218h 200 in 315ms
prisma:query SELECT "public"."Conversation"."id", "public"."Conversation"."participant1Id", "public"."Conversation"."participant2Id", "public"."Conversation"."lastMessage", "public"."Conversation"."lastMessageAt", "public"."Conversation"."createdAt", "public"."Conversation"."updatedAt" FROM "public"."Conversation" WHERE ("public"."Conversation"."participant1Id" = $1 OR "public"."Conversation"."participant2Id" = $2) ORDER BY "public"."Conversation"."lastMessageAt" DESC OFFSET $3
prisma:query SELECT "public"."Contact"."id", "public"."Contact"."userId", "public"."Contact"."contactId", "public"."Contact"."nickname", "public"."Contact"."createdAt" FROM "public"."Contact" WHERE "public"."Contact"."userId" = $1 OFFSET $2
 GET /api/contacts?userId=cml485xx10000ny8nu88b218h 200 in 299ms
 GET /chat 200 in 187ms
 ✓ Compiled /favicon.ico in 218ms
 GET /favicon.ico 200 in 488ms
 GET /auth 200 in 134ms
 ✓ Compiled /_not-found/page in 444ms
 GET /icon-192.png 404 in 612ms
 GET /icon-192.png 404 in 164ms
 GET /screenshot-2.png 404 in 152ms
 GET /icon-192.png 404 in 124ms
 ✓ Compiled in 239ms
 GET /auth 200 in 494ms
 GET /favicon.ico 200 in 257ms
 GET /icon-192.png 404 in 130ms
prisma:query SELECT 1
prisma:query SELECT "public"."User"."id", "public"."User"."phoneNumber", "public"."User"."displayName", "public"."User"."profileImage", "public"."User"."status", "public"."User"."isOnline", "public"."User"."lastSeen", "public"."User"."createdAt", "public"."User"."updatedAt" FROM "public"."User" WHERE ("public"."User"."phoneNumber" = $1 AND 1=1) LIMIT $2 OFFSET $3
prisma:query UPDATE "public"."User" SET "isOnline" = $1, "lastSeen" = $2, "updatedAt" = $3 WHERE ("public"."User"."id" = $4 AND 1=1) RETURNING "public"."User"."id", "public"."User"."phoneNumber", "public"."User"."displayName", "public"."User"."profileImage", "public"."User"."status", "public"."User"."isOnline", "public"."User"."lastSeen", "public"."User"."createdAt", "public"."User"."updatedAt"
 POST /api/auth/login 200 in 290ms
 GET /chat 200 in 103ms
prisma:query SELECT "public"."Conversation"."id", "public"."Conversation"."participant1Id", "public"."Conversation"."participant2Id", "public"."Conversation"."lastMessage", "public"."Conversation"."lastMessageAt", "public"."Conversation"."createdAt", "public"."Conversation"."updatedAt" FROM "public"."Conversation" WHERE ("public"."Conversation"."participant1Id" = $1 OR "public"."Conversation"."participant2Id" = $2) ORDER BY "public"."Conversation"."lastMessageAt" DESC OFFSET $3
 GET /api/conversations?userId=cml47osfz0000419elyba5szq 200 in 269ms
prisma:query SELECT "public"."Contact"."id", "public"."Contact"."userId", "public"."Contact"."contactId", "public"."Contact"."nickname", "public"."Contact"."createdAt" FROM "public"."Contact" WHERE "public"."Contact"."userId" = $1 OFFSET $2
 GET /api/contacts?userId=cml47osfz0000419elyba5szq 200 in 269ms
 GET /icon-192.png 404 in 146ms
prisma:query SELECT 1
prisma:query SELECT "public"."User"."id", "public"."User"."phoneNumber", "public"."User"."displayName", "public"."User"."profileImage", "public"."User"."status", "public"."User"."isOnline", "public"."User"."lastSeen", "public"."User"."createdAt", "public"."User"."updatedAt" FROM "public"."User" WHERE ("public"."User"."phoneNumber" = $1 AND 1=1) LIMIT $2 OFFSET $3
prisma:query UPDATE "public"."User" SET "isOnline" = $1, "lastSeen" = $2, "updatedAt" = $3 WHERE ("public"."User"."id" = $4 AND 1=1) RETURNING "public"."User"."id", "public"."User"."phoneNumber", "public"."User"."displayName", "public"."User"."profileImage", "public"."User"."status", "public"."User"."isOnline", "public"."User"."lastSeen", "public"."User"."createdAt", "public"."User"."updatedAt"
 POST /api/auth/login 200 in 266ms
prisma:query SELECT "public"."Contact"."id", "public"."Contact"."userId", "public"."Contact"."contactId", "public"."Contact"."nickname", "public"."Contact"."createdAt" FROM "public"."Contact" WHERE (("public"."Contact"."userId" = $1 AND "public"."Contact"."contactId" = $2) AND 1=1) LIMIT $3 OFFSET $4
prisma:query BEGIN
prisma:query INSERT INTO "public"."Contact" ("id","userId","contactId","createdAt") VALUES ($1,$2,$3,$4) RETURNING "public"."Contact"."id"
prisma:query SELECT "public"."Contact"."id", "public"."Contact"."userId", "public"."Contact"."contactId", "public"." GET / 200 in 176ms
 GET /favicon.ico 200 in 283ms
 GET /favicon.png 404 in 130ms
 GET /apple-touch-icon.png 404 in 124ms
 GET /favicon.ico?favicon.bf3c9292.ico 200 in 277ms
   Reload env: .env.local
 ⚠ Found a change in next.config.js. Restarting the server to apply the changes...
   ▲ Next.js 15.5.6 (Turbopack)
   - Local:        http://localhost:3000
   - Network:      http://169.254.0.21:3000
   - Environments: .env.local, .env
   - Experiments (use with caution):
     · optimizePackageImports

 ✓ Starting...
 ✓ Ready in 1496ms
blic"."Contact"."nickname", "public"."Contact"."createdAt" FROM "public"."Contact" WHERE "public"."Contact"."userId" = $1 OFFSET $2
prisma:query SELECT "public"."User"."id", "public"."User"."phoneNumber", "public"."User"."displayName", "public"."User"."profileImage", "public"."User"."status", "public"."User"."isOnline", "public"."User"."lastSeen" FROM "public"."User" WHERE "public"."User"."id" IN ($1) OFFSET $2
 GET /api/contacts?userId=cml47osfz0000419elyba5szq 200 in 273ms
prisma:query SELECT "public"."Conversation"."id", "public"."Conversation"."participant1Id", "public"."Conversation"."participant2Id", "public"."Conversation"."lastMessage", "public"."Conversation"."lastMessageAt", "public"."Conversation"."createdAt", "public"."Conversation"."updatedAt" FROM "public"."Conversation" WHERE (("public"."Conversation"."participant1Id" = $1 AND "public"."Conversation"."participant2Id" = $2) AND 1=1) LIMIT $3 OFFSET $4
prisma:query INSERT INTO "public"."Conversation" ("id","participant1Id","participant2Id","createdAt","updatedAt") VALUES ($1,$2,$3,$4,$5) RETURNING "public"."Conversation"."id", "public"."Conversation"."participant1Id", "public"."Conversation"."participant2Id", "public"."Conversation"."lastMessage", "public"."Conversation"."lastMessageAt", "public"."Conversation"."createdAt", "public"."Conversation"."updatedAt"
 POST /api/conversations 200 in 300ms
prisma:query SELECT "public"."Conversation"."id", "public"."Conversation"."participant1Id", "public"."Conversation"."participant2Id", "public"."Conversation"."lastMessage", "public"."Conversation"."lastMessageAt", "public"."Conversation"."createdAt", "public"."Conversation"."updatedAt" FROM "public"."Conversation" WHERE ("public"."Conversation"."participant1Id" = $1 OR "public"."Conversation"."participant2Id" = $2) ORDER BY "public"."Conversation"."lastMessageAt" DESC OFFSET $3
prisma:query SELECT "public"."Message"."id", "public"."Message"."conversationId", "public"."Message"."senderId", "public"."Message"."receiverId", "public"."Message"."content", "public"."Message"."mediaUrl", "public"."Message"."mediaType", "public"."Message"."status", "public"."Message"."isDeleted", "public"."Message"."createdAt", "public"."Message"."updatedAt", "public"."Message"."readAt" FROM "public"."Message" WHERE "public"."Message"."conversationId" IN ($1) ORDER BY "public"."Message"."createdAt" DESC LIMIT $2 OFFSET $3
 GET /api/conversations?userId=cml47osfz0000419elyba5szq 200 in 274ms
 ✓ Compiled /api/messages in 209ms
prisma:query SELECT "public"."Message"."id", "public"."Message"."conversationId", "public"."Message"."senderId", "public"."Message"."receiverId", "public"."Message"."content", "public"."Message"."mediaUrl", "public"."Message"."mediaType", "public"."Message"."status", "public"."Message"."isDeleted", "public"."Message"."createdAt", "public"."Message"."updatedAt", "public"."Message"."readAt" FROM "public"."Message" WHERE ("public"."Message"."conversationId" = $1 AND "public"."Message"."isDeleted" = $2) ORDER BY "public"."Message"."createdAt" ASC OFFSET $3
 GET /api/messages?conversationId=cml48m2v50003ny8nn3mex92l 200 in 478ms
prisma:query SELECT 1
prisma:query BEGIN
prisma:query INSERT INTO "public"."Message" ("id","conversationId","senderId","receiverId","content","status","isDeleted","createdAt","updatedAt") VALUES ($1,$2,$3,$4,$5,$6,$7,$8,$9) RETURNING "public"."Message"."id"
prisma:query SELECT "public"."Message"."id", "public"."Message"."conversationId", "public"."Message"."senderId", "public"."Message"."receiverId", "public"."Message"."content", "public"."Message"."mediaUrl", "public"."Message"."mediaType", "public"."Message"."status", "public"."Message"."isDeleted", "public"."Message"."createdAt", "public"."Message"."updatedAt", "public"."Message"."readAt" FROM "public"."Message" WHERE "public"."Message"."id" = $1 LIMIT $2 OFFSET $3
prisma:query SELECT "public"."User"."id", "public"."User"."displayName", "public"."User"."profileImage" FROM "public"."User" WHERE "public"."User"."id" IN ($1) OFFSET $2
prisma:query COMMIT
prisma:query UPDATE "public"."Conversation" SET "lastMessage" = $1, "lastMessageAt" = $2, "updatedAt" = $3 WHERE ("public"."Conversation"."id" = $4 AND 1=1) RETURNING "public"."Conversation"."id", "public"."Conversation"."participant1Id", "public"."Conversation"."participant2Id", "public"."Conversation"."lastMessage", "public"."Conversation"."lastMessageAt", "public"."Conversation"."createdAt", "public"."Conversation"."updatedAt"
 POST /api/messages 201 in 272ms
prisma:query SELECT "public"."Conversation"."id", "public"."Conversation"."participant1Id", "public"."Conversation"."participant2Id", "public"."Conversation"."lastMessage", "public"."Conversation"."lastMessageAt", "public"."Conversation"."createdAt", "public"."Conversation"."updatedAt" FROM "public"."Conversation" WHERE ("public"."Conversation"."participant1Id" = $1 OR "public"."Conversation"."participant2Id" = $2) ORDER BY "public"."Conversation"."lastMessageAt" DESC OFFSET $3
prisma:query SELECT "public"."Message"."id", "public"."Message"."conversationId", "public"."Message"."senderId", "public"."Message"."receiverId", "public"."Message"."content", "public"."Message"."mediaUrl", "public"."Message"."mediaType", "public"."Message"."status", "public"."Message"."isDeleted", "public"."Message"."createdAt", "public"."Message"."updatedAt", "public"."Message"."readAt" FROM "public"."Message" WHERE "public"."Message"."conversationId" IN ($1) ORDER BY "public"."Message"."createdAt" DESC LIMIT $2 OFFSET $3
 GET /api/conversations?userId=cml47osfz0000419elyba5szq 200 in 262ms
 GET /auth 200 in 91ms
 GET /auth 200 in 116ms
 GET /icon-192.png 404 in 125ms
prisma:query SELECT 1
prisma:query SELECT "public"."User"."id", "public"."User"."phoneNumber", "public"."User"."displayName", "public"."User"."profileImage", "public"."User"."status", "public"."User"."isOnline", "public"."User"."lastSeen", "public"."User"."createdAt", "public"."User"."updatedAt" FROM "public"."User" WHERE ("public"."User"."phoneNumber" = $1 AND 1=1) LIMIT $2 OFFSET $3
prisma:query UPDATE "public"."User" SET "isOnline" = $1, "lastSeen" = $2, "updatedAt" = $3 WHERE ("public"."User"."id" = $4 AND 1=1) RETURNING "public"."User"."id", "public"."User"."phoneNumber", "public"."User"."displayName", "public"."User"."profileImage", "public"."User"."status", "public"."User"."isOnline", "public"."User"."lastSeen", "public"."User"."createdAt", "public"."User"."updatedAt"
 POST /api/auth/login 200 in 281ms
 GET /chat 200 in 103ms
prisma:query SELECT "public"."Conversation"."id", "public"."Conversation"."participant1Id", "public"."Conversation"."participant2Id", "public"."Conversation"."lastMessage", "public"."Conversation"."lastMessageAt", "public"."Conversation"."createdAt", "public"."Conversation"."updatedAt" FROM "public"."Conversation" WHERE ("public"."Conversation"."participant1Id" = $1 OR "public"."Conversation"."participant2Id" = $2) ORDER BY "public"."Conversation"."lastMessageAt" DESC OFFSET $3
prisma:query SELECT "public"."Message"."id", "public"."Message"."conversationId", "public"."Message"."senderId", "public"."Message"."receiverId", "public"."Message"."content", "public"."Message"."mediaUrl", "public"."Message"."mediaType", "public"."Message"."status", "public"."Message"."isDeleted", "public"."Message"."createdAt", "public"."Message"."updatedAt", "public"."Message"."readAt" FROM "public"."Message" WHERE "public"."Message"."conversationId" IN ($1) ORDER BY "public"."Message"."createdAt" DESC LIMIT $2 OFFSET $3
 GET /api/conversations?userId=cml47s0950001419esiw92jbz 200 in 262ms
 GET /api/contacts?userId=cml47s0950001419esiw92jbz 200 in 260ms
prisma:query SELECT "public"."Contact"."id", "public"."Contact"."userId", "public"."Contact"."contactId", "public"."Contact"."nickname", "public"."Contact"."createdAt" FROM "public"."Contact" WHERE "public"."Contact"."userId" = $1 OFFSET $2
 GET /icon-192.png 404 in 123ms
prisma:query SELECT 1
prisma:query SELECT "public"."Message"."id", "public"."Message"."conversationId", "public"."Message"."senderId", "public"."Message"."receiverId", "public"."Message"."content", "public"."Message"."mediaUrl", "public"."Message"."mediaType", "public"."Message"."status", "public"."Message"."isDeleted", "public"."Message"."createdAt", "public"."Message"."updatedAt", "public"."Message"."readAt" FROM "public"."Message" WHERE ("public"."Message"."conversationId" = $1 AND "public"."Message"."isDeleted" = $2) ORDER BY "public"."Message"."createdAt" ASC OFFSET $3
prisma:query SELECT "public"."User"."id", "public"."User"."displayName", "public"."User"."profileImage" FROM "public"."User" WHERE "public"."User"."id" IN ($1) OFFSET $2
 GET /api/messages?conversationId=cml48m2v50003ny8nn3mex92l 200 in 276ms
prisma:query SELECT 1
prisma:query BEGIN
prisma:query INSERT INTO "public"."Message" ("id","conversationId","senderId","receiverId","content","status","isDeleted","createdAt","updatedAt") VALUES ($1,$2,$3,$4,$5,$6,$7,$8,$9) RETURNING "public"."Message"."id"
prisma:query SELECT "public"."Message"."id", "public"."Message"."conversationId", "public"."Message"."senderId", "public"."Message"."receiverId", "public"."Message"."content", "public"."Message"."mediaUrl", "public"."Message"."mediaType", "public"."Message"."status", "public"."Message"."isDeleted", "public"."Message"."createdAt", "public"."Message"."updatedAt", "public"."Message"."readAt" FROM "public"."Message" WHERE "public"."Message"."id" = $1 LIMIT $2 OFFSET $3
prisma:query SELECT "public"."User"."id", "public"."User"."displayName", "public"."User"."profileImage" FROM "public"."User" WHERE "public"."User"."id" IN ($1) OFFSET $2
prisma:query COMMIT
prisma:query UPDATE "public"."Conversation" SET "lastMessage" = $1, "lastMessageAt" = $2, "updatedAt" = $3 WHERE ("public"."Conversation"."id" = $4 AND 1=1) RETURNING "public"."Conversation"."id", "public"."Conversation"."participant1Id", "public"."Conversation"."participant2Id", "public"."Conversation"."lastMessage", "public"."Conversation"."lastMessageAt", "public"."Conversation"."createdAt", "public"."Conversation"."updatedAt"
 POST /api/messages 201 in 283ms
prisma:query SELECT "public"."Conversation"."id", "public"."Conversation"."participant1Id", "public"."Conversation"."participant2Id", "public"."Conversation"."lastMessage", "public"."Conversation"."lastMessageAt", "public"."Conversation"."createdAt", "public"."Conversation"."updatedAt" FROM "public"."Conversation" WHERE ("public"."Conversation"."participant1Id" = $1 OR "public"."Conversation"."participant2Id" = $2) ORDER BY "public"."Conversation"."lastMessageAt" DESC OFFSET $3
prisma:query SELECT "public"."Message"."id", "public"."Message"."conversationId", "public"."Message"."senderId", "public"."Message"."receiverId", "public"."Message"."content", "public"."Message"."mediaUrl", "public"."Message"."mediaType", "public"."Message"."status", "public"."Message"."isDeleted", "public"."Message"."createdAt", "public"."Message"."updatedAt", "public"."Message"."readAt" FROM "public"."Message" WHERE "public"."Message"."conversationId" IN ($1) ORDER BY "public"."Message"."createdAt" DESC LIMIT $2 OFFSET $3
 GET /api/conversations?userId=cml47s0950001419esiw92jbz 200 in 269ms
 GET /auth 200 in 100ms
 GET /auth 200 in 93ms
 GET /icon-192.png 404 in 143ms
prisma:query SELECT 1
prisma:query SELECT "public"."User"."id", "public"."User"."phoneNumber", "public"."User"."displayName", "public"."User"."profileImage", "public"."User"."status", "public"."User"."isOnline", "public"."User"."lastSeen", "public"."User"."createdAt", "public"."User"."updatedAt" FROM "public"."User" WHERE ("public"."User"."phoneNumber" = $1 AND 1=1) LIMIT $2 OFFSET $3
prisma:query UPDATE "public"."User" SET "isOnline" = $1, "lastSeen" = $2, "updatedAt" = $3 WHERE ("public"."User"."id" = $4 AND 1=1) RETURNING "public"."User"."id", "public"."User"."phoneNumber", "public"."User"."displayName", "public"."User"."profileImage", "public"."User"."status", "public"."User"."isOnline", "public"."User"."lastSeen", "public"."User"."createdAt", "public"."User"."updatedAt"
 POST /api/auth/login 200 in 260ms
 GET /chat 200 in 102ms
prisma:query SELECT "public"."Conversation"."id", "public"."Conversation"."participant1Id", "public"."Conversation"."participant2Id", "public"."Conversation"."lastMessage", "public"."Conversation"."lastMessageAt", "public"."Conversation"."createdAt", "public"."Conversation"."updatedAt" FROM "public"."Conversation" WHERE ("public"."Conversation"."participant1Id" = $1 OR "public"."Conversation"."participant2Id" = $2) ORDER BY "public"."Conversation"."lastMessageAt" DESC OFFSET $3
prisma:query SELECT "public"."Message"."id", "public"."Message"."conversationId", "public"."Message"."senderId", "public"."Message"."receiverId", "public"."Message"."content", "public"."Message"."mediaUrl", "public"."Message"."mediaType", "public"."Message"."status", "public"."Message"."isDeleted", "public"."Message"."createdAt", "public"."Message"."updatedAt", "public"."Message"."readAt" FROM "public"."Message" WHERE "public"."Message"."conversationId" IN ($1) ORDER BY "public"."Message"."createdAt" DESC LIMIT $2 OFFSET $3
 GET /api/conversations?userId=cml47osfz0000419elyba5szq 200 in 263ms
prisma:query SELECT "public"."Contact"."id", "public"."Contact"."userId", "public"."Contact"."contactId", "public"."Contact"."nickname", "public"."Contact"."createdAt" FROM "public"."Contact" WHERE "public"."Contact"."userId" = $1 OFFSET $2
prisma:query SELECT "public"."User"."id", "public"."User"."phoneNumber", "public"."User"."displayName", "public"."User"."profileImage", "public"."User"."status", "public"."User"."isOnline", "public"."User"."lastSeen" FROM "public"."User" WHERE "public"."User"."id" IN ($1) OFFSET $2
 GET /api/contacts?userId=cml47osfz0000419elyba5szq 200 in 270ms
 GET /icon-192.png 404 in 113ms
prisma:query SELECT 1
prisma:query SELECT "public"."Message"."id", "public"."Message"."conversationId", "public"."Message"."senderId", "public"."Message"."receiverId", "public"."Message"."content", "public"."Message"."mediaUrl", "public"."Message"."mediaType", "public"."Message"."status", "public"."Message"."isDeleted", "public"."Message"."createdAt", "public"."Message"."updatedAt", "public"."Message"."readAt" FROM "public"."Message" WHERE ("public"."Message"."conversationId" = $1 AND "public"."Message"."isDeleted" = $2) ORDER BY "public"."Message"."createdAt" ASC OFFSET $3
prisma:query SELECT "public"."User"."id", "public"."User"."displayName", "public"."User"."profileImage" FROM "public"."User" WHERE "public"."User"."id" IN ($1,$2) OFFSET $3
 GET /api/messages?conversationId=cml48m2v50003ny8nn3mex92l 200 in 267ms
 GET / 200 in 159ms
 GET /chat 200 in 150ms
prisma:query SELECT "public"."Conversation"."id", "public"."Conversation"."participant1Id", "public"."Conversation"."participant2Id", "public"."Conversation"."lastMessage", "public"."Conversation"."lastMessageAt", "public"."Conversation"."createdAt", "public"."Conversation"."updatedAt" FROM "public"."Conversation" WHERE ("public"."Conversation"."participant1Id" = $1 OR "public"."Conversation"."participant2Id" = $2) ORDER BY "public"."Conversation"."lastMessageAt" DESC OFFSET $3
 GET /api/conversations?userId=cml485xx10000ny8nu88b218h 200 in 284ms
prisma:query SELECT "public"."Contact"."id", "public"."Contact"."userId", "public"."Contact"."contactId", "public"."Contact"."nickname", "public"."Contact"."createdAt" FROM "public"."Contact" WHERE "public"."Contact"."userId" = $1 OFFSET $2
 GET /api/contacts?userId=cml485xx10000ny8nu88b218h 200 in 268ms
   Reload env: .env.local
 GET /chat 200 in 1387ms
 ⚠ Found a change in next.config.js. Restarting the server to apply the changes...
   ▲ Next.js 15.5.6 (Turbopack)
   - Local:        http://localhost:3001
   - Network:      http://169.254.0.21:3001
   - Environments: .env.local, .env
   - Experiments (use with caution):
     · optimizePackageImports

 ✓ Starting...
 ✓ Ready in 1517ms
 ○ Compiling / ...
 ✓ Compiled / in 5.2s
 GET / 200 in 5772ms
 ⚠ Cross origin request detected from whatsapp-pwa-2.lindy.site to /_next/* resource. In a future major version of Next.js, you will need to explicitly configure "allowedDevOrigins" in next.config to allow this.
Read more: https://nextjs.org/docs/app/api-reference/config/next-config-js/allowedDevOrigins
 ○ Compiling /chat ...
 ✓ Compiled /chat in 956ms
 GET /chat 200 in 1044ms
 ○ Compiling /api/conversations ...
 ✓ Compiled /api/conversations in 561ms
prisma:error 
Invalid `__TURBOPACK__imported__module__$5b$project$5d2f$lib$2f$db$2e$ts__$5b$app$2d$route$5d$__$28$ecmascript$29$__["prisma"].contact.findMany()` invocation in
/home/code/whatsapp-pwa/.next/server/chunks/[root-of-the-server]__65b7fb68._.js:116:158

  113     });
  114 }
  115 // Fetch user's contacts
→ 116 const contacts = await __TURBOPACK__imported__module__$5b$project$5d2f$lib$2f$db$2e$ts__$5b$app$2d$route$5d$__$28$ecmascript$29$__["prisma"].contact.findMany(
Authentication failed against database server at `localhost`, the provided database credentials for `user` are not valid.

Please make sure to provide valid database credentials for the database server at `localhost`.
prisma:error 
Invalid `__TURBOPACK__imported__module__$5b$project$5d2f$lib$2f$db$2e$ts__$5b$app$2d$route$5d$__$28$ecmascript$29$__["prisma"].conversation.findMany()` invocation in
/home/code/whatsapp-pwa/.next/server/chunks/[root-of-the-server]__a7d0ea7f._.js:115:168

  112     });
  113 }
  114 // Fetch conversations where user is participant
→ 115 const conversations = await __TURBOPACK__imported__module__$5b$project$5d2f$lib$2f$db$2e$ts__$5b$app$2d$route$5d$__$28$ecmascript$29$__["prisma"].conversation.findMany(
Authentication failed against database server at `localhost`, the provided database credentials for `user` are not valid.

Please make sure to provide valid database credentials for the database server at `localhost`.
Fetch contacts error: Error [PrismaClientInitializationError]: 
Invalid `__TURBOPACK__imported__module__$5b$project$5d2f$lib$2f$db$2e$ts__$5b$app$2d$route$5d$__$28$ecmascript$29$__["prisma"].contact.findMany()` invocation in
/home/code/whatsapp-pwa/.next/server/chunks/[root-of-the-server]__65b7fb68._.js:116:158

  113     });
  114 }
  115 // Fetch user's contacts
→ 116 const contacts = await __TURBOPACK__imported__module__$5b$project$5d2f$lib$2f$db$2e$ts__$5b$app$2d$route$5d$__$28$ecmascript$29$__["prisma"].contact.findMany(
Authentication failed against database server at `localhost`, the provided database credentials for `user` are not valid.

Please make sure to provide valid database credentials for the database server at `localhost`.
    at <unknown> (app/api/contacts/route.ts:28:43)
    at async GET (app/api/contacts/route.ts:28:22)
  26 |
  27 |     // Fetch user's contacts
> 28 |     const contacts = await prisma.contact.findMany({
     |                                           ^
  29 |       where: { userId },
  30 |       include: {
  31 |         contact: { {
  clientVersion: '5.22.0',
  errorCode: undefined
}
Fetch conversations error: Error [PrismaClientInitializationError]: 
Invalid `__TURBOPACK__imported__module__$5b$project$5d2f$lib$2f$db$2e$ts__$5b$app$2d$route$5d$__$28$ecmascript$29$__["prisma"].conversation.findMany()` invocation in
/home/code/whatsapp-pwa/.next/server/chunks/[root-of-the-server]__a7d0ea7f._.js:115:168

  112     });
  113 }
  114 // Fetch conversations where user is participant
→ 115 const conversations = await __TURBOPACK__imported__module__$5b$project$5d2f$lib$2f$db$2e$ts__$5b$app$2d$route$5d$__$28$ecmascript$29$__["prisma"].conversation.findMany(
Authentication failed against database server at `localhost`, the provided database credentials for `user` are not valid.

Please make sure to provide valid database credentials for the database server at `localhost`.
    at <unknown> (app/api/conversations/route.ts:27:53)
    at async GET (app/api/conversations/route.ts:27:27)
  25 |
  26 |     // Fetch conversations where user is participant
> 27 |     const conversations = await prisma.conversation.findMany({
     |                                                     ^
  28 |       where: {
  29 |         OR: [
  30 |           { participant1Id: userId }, {
  clientVersion: '5.22.0',
  errorCode: undefined
}
 GET /api/contacts?userId=cml485xx10000ny8nu88b218h 500 in 1389ms
 GET /api/conversations?userId=cml485xx10000ny8nu88b218h 500 in 1481ms
 GET / 200 in 196ms
 GET /chat 200 in 110ms
prisma:error 
Invalid `__TURBOPACK__imported__module__$5b$project$5d2f$lib$2f$db$2e$ts__$5b$app$2d$route$5d$__$28$ecmascript$29$__["prisma"].conversation.findMany()` invocation in
/home/code/whatsapp-pwa/.next/server/chunks/[root-of-the-server]__a7d0ea7f._.js:115:168

  112     });
  113 }
  114 // Fetch conversations where user is participant
→ 115 const conversations = await __TURBOPACK__imported__module__$5b$project$5d2f$lib$2f$db$2e$ts__$5b$app$2d$route$5d$__$28$ecmascript$29$__["prisma"].conversation.findMany(
Authentication failed against database server at `localhost`, the provided database credentials for `user` are not valid.

Please make sure to provide valid database credentials for the database server at `localhost`.
prisma:error 
Invalid `__TURBOPACK__imported__module__$5b$project$5d2f$lib$2f$db$2e$ts__$5b$app$2d$route$5d$__$28$ecmascript$29$__["prisma"].contact.findMany()` invocation in
/home/code/whatsapp-pwa/.next/server/chunks/[root-of-the-server]__65b7fb68._.js:116:158

  113     });
  114 }
  115 // Fetch user's contacts
→ 116 const contacts = await __TURBOPACK__imported__module__$5b$project$5d2f$lib$2f$db$2e$ts__$5b$app$2d$route$5d$__$28$ecmascript$29$__["prisma"].contact.findMany(
Authentication failed against database server at `localhost`, the provided database credentials for `user` are not valid.

Please make sure to provide valid database credentials for the database server at `localhost`.
Fetch conversations error: Error [PrismaClientInitializationError]: 
Invalid `__TURBOPACK__imported__module__$5b$project$5d2f$lib$2f$db$2e$ts__$5b$app$2d$route$5d$__$28$ecmascript$29$__["prisma"].conversation.findMany()` invocation in
/home/code/whatsapp-pwa/.next/server/chunks/[root-of-the-server]__a7d0ea7f._.js:115:168

  112     });
  113 }
  114 // Fetch conversations where user is participant
→ 115 const conversations = await __TURBOPACK__imported__module__$5b$project$5d2f$lib$2f$db$2e$ts__$5b$app$2d$route$5d$__$28$ecmascript$29$__["prisma"].conversation.findMany(
Authentication failed against database server at `localhost`, the provided database credentials for `user` are not valid.

Please make sure to provide valid database credentials for the database server at `localhost`.
    at <unknown> (app/api/conversations/route.ts:27:53)
    at async GET (app/api/conversations/route.ts:27:27)
  25 |
  26 |     // Fetch conversations where user is participant
> 27 |     const conversations = await prisma.conversation.findMany({
     |                                                     ^
  28 |       where: {
  29 |         OR: [
  30 |           { participant1Id: userId }, {
  clientVersion: '5.22.0',
  errorCode: undefined
}
Fetch contacts error: Error [PrismaClientInitializationError]: 
Invalid `__TURBOPACK__imported__module__$5b$project$5d2f$lib$2f$db$2e$ts__$5b$app$2d$route$5d$__$28$ecmascript$29$__["prisma"].contact.findMany()` invocation in
/home/code/whatsapp-pwa/.next/server/chunks/[root-of-the-server]__65b7fb68._.js:116:158

  113     });
  114 }
  115 // Fetch user's contacts
→ 116 const contacts = await __TURBOPACK__imported__module__$5b$project$5d2f$lib$2f$db$2e$ts__$5b$app$2d$route$5d$__$28$ecmascript$29$__["prisma"].contact.findMany(
Authentication failed against database server at `localhost`, the provided database credentials for `user` are not valid.

Please make sure to provide valid database credentials for the database server at `localhost`.
    at <unknown> (app/api/contacts/route.ts:28:43)
    at async GET (app/api/contacts/route.ts:28:22)
  26 |
  27 |     // Fetch user's contacts
> 28 |     const contacts = await prisma.contact.findMany({
     |                                           ^
  29 |       where: { userId },
  30 |       include: {
  31 |         contact: { {
  clientVersion: '5.22.0',
  errorCode: undefined
}
 GET /api/conversations?userId=cml485xx10000ny8nu88b218h 500 in 653ms
 GET /api/contacts?userId=cml485xx10000ny8nu88b218h 500 in 559ms
 GET / 200 in 494ms
 GET /chat 200 in 231ms
prisma:error 
Invalid `__TURBOPACK__imported__module__$5b$project$5d2f$lib$2f$db$2e$ts__$5b$app$2d$route$5d$__$28$ecmascript$29$__["prisma"].conversation.findMany()` invocation in
/home/code/whatsapp-pwa/.next/server/chunks/[root-of-the-server]__a7d0ea7f._.js:115:168

  112     });
  113 }
  114 // Fetch conversations where user is participant
→ 115 const conversations = await __TURBOPACK__imported__module__$5b$project$5d2f$lib$2f$db$2e$ts__$5b$app$2d$route$5d$__$28$ecmascript$29$__["prisma"].conversation.findMany(
Authentication failed against database server at `localhost`, the provided database credentials for `user` are not valid.

Please make sure to provide valid database credentials for the database server at `localhost`.
prisma:error 
Invalid `__TURBOPACK__imported__module__$5b$project$5d2f$lib$2f$db$2e$ts__$5b$app$2d$route$5d$__$28$ecmascript$29$__["prisma"].contact.findMany()` invocation in
/home/code/whatsapp-pwa/.next/server/chunks/[root-of-the-server]__65b7fb68._.js:116:158

  113     });
  114 }
  115 // Fetch user's contacts
→ 116 const contacts = await __TURBOPACK__imported__module__$5b$project$5d2f$lib$2f$db$2e$ts__$5b$app$2d$route$5d$__$28$ecmascript$29$__["prisma"].contact.findMany(
Authentication failed against database server at `localhost`, the provided database credentials for `user` are not valid.

Please make sure to provide valid database credentials for the database server at `localhost`.
Fetch conversations error: Error [PrismaClientInitializationError]: 
Invalid `__TURBOPACK__imported__module__$5b$project$5d2f$lib$2f$db$2e$ts__$5b$app$2d$route$5d$__$28$ecmascript$29$__["prisma"].conversation.findMany()` invocation in
/home/code/whatsapp-pwa/.next/server/chunks/[root-of-the-server]__a7d0ea7f._.js:115:168

  112     });
  113 }
  114 // Fetch conversations where user is participant
→ 115 const conversations = await __TURBOPACK__imported__module__$5b$project$5d2f$lib$2f$db$2e$ts__$5b$app$2d$route$5d$__$28$ecmascript$29$__["prisma"].conversation.findMany(
Authentication failed against database server at `localhost`, the provided database credentials for `user` are not valid.

Please make sure to provide valid database credentials for the database server at `localhost`.
    at <unknown> (app/api/conversations/route.ts:27:53)
    at async GET (app/api/conversations/route.ts:27:27)
  25 |
  26 |     // Fetch conversations where user is participant
> 27 |     const conversations = await prisma.conversation.findMany({
     |                                                     ^
  28 |       where: {
  29 |         OR: [
  30 |           { participant1Id: userId }, {
  clientVersion: '5.22.0',
  errorCode: undefined
}
Fetch contacts error: Error [PrismaClientInitializationError]: 
Invalid `__TURBOPACK__imported__module__$5b$project$5d2f$lib$2f$db$2e$ts__$5b$app$2d$route$5d$__$28$ecmascript$29$__["prisma"].contact.findMany()` invocation in
/home/code/whatsapp-pwa/.next/server/chunks/[root-of-the-server]__65b7fb68._.js:116:158

  113     });
  114 }
  115 // Fetch user's contacts
→ 116 const contacts = await __TURBOPACK__imported__module__$5b$project$5d2f$lib$2f$db$2e$ts__$5b$app$2d$route$5d$__$28$ecmascript$29$__["prisma"].contact.findMany(
Authentication failed against database server at `localhost`, the provided database credentials for `user` are not valid.

Please make sure to provide valid database credentials for the database server at `localhost`.
    at <unknown> (app/api/contacts/route.ts:28:43)
    at async GET (app/api/contacts/route.ts:28:22)
  26 |
  27 |     // Fetch user's contacts
> 28 |     const contacts = await prisma.contact.findMany({
     |                                           ^
  29 |       where: { userId },
  30 |       include: {
  31 |         contact: { {
  clientVersion: '5.22.0',
  errorCode: undefined
}
 GET /api/conversations?userId=cml485xx10000ny8nu88b218h 500 in 719ms
 GET /api/contacts?userId=cml485xx10000ny8nu88b218h 500 in 644ms
 GET / 200 in 142ms
 GET /chat 200 in 90ms
prisma:error 
Invalid `__TURBOPACK__imported__module__$5b$project$5d2f$lib$2f$db$2e$ts__$5b$app$2d$route$5d$__$28$ecmascript$29$__["prisma"].conversation.findMany()` invocation in
/home/code/whatsapp-pwa/.next/server/chunks/[root-of-the-server]__a7d0ea7f._.js:115:168

  112     });
  113 }
  114 // Fetch conversations where user is participant
→ 115 const conversations = await __TURBOPACK__imported__module__$5b$project$5d2f$lib$2f$db$2e$ts__$5b$app$2d$route$5d$__$28$ecmascript$29$__["prisma"].conversation.findMany(
Authentication failed against database server at `localhost`, the provided database credentials for `user` are not valid.

Please make sure to provide valid database credentials for the database server at `localhost`.
Fetch conversations error: Error [PrismaClientInitializationError]: 
Invalid `__TURBOPACK__imported__module__$5b$project$5d2f$lib$2f$db$2e$ts__$5b$app$2d$route$5d$__$28$ecmascript$29$__["prisma"].conversation.findMany()` invocation in
/home/code/whatsapp-pwa/.next/server/chunks/[root-of-the-server]__a7d0ea7f._.js:115:168

  112     });
  113 }
  114 // Fetch conversations where user is participant
→ 115 const conversations = await __TURBOPACK__imported__module__$5b$project$5d2f$lib$2f$db$2e$ts__$5b$app$2d$route$5d$__$28$ecmascript$29$__["prisma"].conversation.findMany(
Authentication failed against database server at `localhost`, the provided database credentials for `user` are not valid.

Please make sure to provide valid database credentials for the database server at `localhost`.
    at <unknown> (app/api/conversations/route.ts:27:53)
    at async GET (app/api/conversations/route.ts:27:27)
  25 |
  26 |     // Fetch conversations where user is participant
> 27 |     const conversations = await prisma.conversation.findMany({
     |                                                     ^
  28 |       where: {
  29 |         OR: [
  30 |           { participant1Id: userId }, {
  clientVersion: '5.22.0',
  errorCode: undefined
}
 GET /api/conversations?userId=cml485xx10000ny8nu88b218h 500 in 559ms
prisma:error 
Invalid `__TURBOPACK__imported__module__$5b$project$5d2f$lib$2f$db$2e$ts__$5b$app$2d$route$5d$__$28$ecmascript$29$__["prisma"].contact.findMany()` invocation in
/home/code/whatsapp-pwa/.next/server/chunks/[root-of-the-server]__65b7fb68._.js:116:158

  113     });
  114 }
  115 // Fetch user's contacts
→ 116 const contacts = await __TURBOPACK__imported__module__$5b$project$5d2f$lib$2f$db$2e$ts__$5b$app$2d$route$5d$__$28$ecmascript$29$__["prisma"].contact.findMany(
Authentication failed against database server at `localhost`, the provided database credentials for `user` are not valid.

Please make sure to provide valid database credentials for the database server at `localhost`.
Fetch contacts error: Error [PrismaClientInitializationError]: 
Invalid `__TURBOPACK__imported__module__$5b$project$5d2f$lib$2f$db$2e$ts__$5b$app$2d$route$5d$__$28$ecmascript$29$__["prisma"].contact.findMany()` invocation in
/home/code/whatsapp-pwa/.next/server/chunks/[root-of-the-server]__65b7fb68._.js:116:158

  113     });
  114 }
  115 // Fetch user's contacts
→ 116 const contacts = await __TURBOPACK__imported__module__$5b$project$5d2f$lib$2f$db$2e$ts__$5b$app$2d$route$5d$__$28$ecmascript$29$__["prisma"].contact.findMany(
Authentication failed against database server at `localhost`, the provided database credentials for `user` are not valid.

Please make sure to provide valid database credentials for the database server at `localhost`.
    at <unknown> (app/api/contacts/route.ts:28:43)
    at async GET (app/api/contacts/route.ts:28:22)
  26 |
  27 |     // Fetch user's contacts
> 28 |     const contacts = await prisma.contact.findMany({
     |                                           ^
  29 |       where: { userId },
  30 |       include: {
  31 |         contact: { {
  clientVersion: '5.22.0',
  errorCode: undefined
}
 GET /api/contacts?userId=cml485xx10000ny8nu88b218h 500 in 677ms
 GET / 200 in 145ms
 GET /chat 200 in 102ms
prisma:error 
Invalid `__TURBOPACK__imported__module__$5b$project$5d2f$lib$2f$db$2e$ts__$5b$app$2d$route$5d$__$28$ecmascript$29$__["prisma"].conversation.findMany()` invocation in
/home/code/whatsapp-pwa/.next/server/chunks/[root-of-the-server]__a7d0ea7f._.js:115:168

  112     });
  113 }
  114 // Fetch conversations where user is participant
→ 115 const conversations = await __TURBOPACK__imported__module__$5b$project$5d2f$lib$2f$db$2e$ts__$5b$app$2d$route$5d$__$28$ecmascript$29$__["prisma"].conversation.findMany(
Authentication failed against database server at `localhost`, the provided database credentials for `user` are not valid.

Please make sure to provide valid database credentials for the database server at `localhost`.
prisma:error 
Invalid `__TURBOPACK__imported__module__$5b$project$5d2f$lib$2f$db$2e$ts__$5b$app$2d$route$5d$__$28$ecmascript$29$__["prisma"].contact.findMany()` invocation in
/home/code/whatsapp-pwa/.next/server/chunks/[root-of-the-server]__65b7fb68._.js:116:158

  113     });
  114 }
  115 // Fetch user's contacts
→ 116 const contacts = await __TURBOPACK__imported__module__$5b$project$5d2f$lib$2f$db$2e$ts__$5b$app$2d$route$5d$__$28$ecmascript$29$__["prisma"].contact.findMany(
Authentication failed against database server at `localhost`, the provided database credentials for `user` are not valid.

Please make sure to provide valid database credentials for the database server at `localhost`.
Fetch conversations error: Error [PrismaClientInitializationError]: 
Invalid `__TURBOPACK__imported__module__$5b$project$5d2f$lib$2f$db$2e$ts__$5b$app$2d$route$5d$__$28$ecmascript$29$__["prisma"].conversation.findMany()` invocation in
/home/code/whatsapp-pwa/.next/server/chunks/[root-of-the-server]__a7d0ea7f._.js:115:168

  112     });
  113 }
  114 // Fetch conversations where user is participant
→ 115 const conversations = await __TURBOPACK__imported__module__$5b$project$5d2f$lib$2f$db$2e$ts__$5b$app$2d$route$5d$__$28$ecmascript$29$__["prisma"].conversation.findMany(
Authentication failed against database server at `localhost`, the provided database credentials for `user` are not valid.

Please make sure to provide valid database credentials for the database server at `localhost`.
    at <unknown> (app/api/conversations/route.ts:27:53)
    at async GET (app/api/conversations/route.ts:27:27)
  25 |
  26 |     // Fetch conversations where user is participant
> 27 |     const conversations = await prisma.conversation.findMany({
     |                                                     ^
  28 |       where: {
  29 |         OR: [
  30 |           { participant1Id: userId }, {
  clientVersion: '5.22.0',
  errorCode: undefined
}
Fetch contacts error: Error [PrismaClientInitializationError]: 
Invalid `__TURBOPACK__imported__module__$5b$project$5d2f$lib$2f$db$2e$ts__$5b$app$2d$route$5d$__$28$ecmascript$29$__["prisma"].contact.findMany()` invocation in
/home/code/whatsapp-pwa/.next/server/chunks/[root-of-the-server]__65b7fb68._.js:116:158

  113     });
  114 }
  115 // Fetch user's contacts
→ 116 const contacts = await __TURBOPACK__imported__module__$5b$project$5d2f$lib$2f$db$2e$ts__$5b$app$2d$route$5d$__$28$ecmascript$29$__["prisma"].contact.findMany(
Authentication failed against database server at `localhost`, the provided database credentials for `user` are not valid.

Please make sure to provide valid database credentials for the database server at `localhost`.
    at <unknown> (app/api/contacts/route.ts:28:43)
    at async GET (app/api/contacts/route.ts:28:22)
  26 |
  27 |     // Fetch user's contacts
> 28 |     const contacts = await prisma.contact.findMany({
     |                                           ^
  29 |       where: { userId },
  30 |       include: {
  31 |         contact: { {
  clientVersion: '5.22.0',
  errorCode: undefined
}
 GET /api/conversations?userId=cml485xx10000ny8nu88b218h 500 in 724ms
 GET /api/contacts?userId=cml485xx10000ny8nu88b218h 500 in 620ms
